[POLYGLOT_TEST_RUNNER] Entered main()
[POLYGLOT_TEST_RUNNER] Loading main.py
[POLYGLOT_TEST_RUNNER] Loaded main.py
[POLYGLOT_TEST_RUNNER] Loading tests.py
[POLYGLOT_TEST_RUNNER] Loaded tests.py
[POLYGLOT_TEST_RUNNER] Found test class: TransposeTest
[POLYGLOT_TEST_RUNNER] Found 12 test methods
[POLYGLOT_TEST_RUNNER] [1/12] Running test_empty_string...
[POLYGLOT_TEST_RUNNER] test_empty_string: PASSED
[POLYGLOT_TEST_RUNNER] [2/12] Running test_first_line_longer_than_second_line...
[POLYGLOT_TEST_RUNNER] test_first_line_longer_than_second_line: PASSED
[POLYGLOT_TEST_RUNNER] [3/12] Running test_jagged_triangle...
[POLYGLOT_TEST_RUNNER] test_jagged_triangle: FAILED - '123456
13456
3456
356
56
5' != '123456
1 3456
  3456
  3 56
    56
    5'
  123456
- 13456
+ 1 3456
?  +
- 3456
+   3456
? ++
- 356
- 56
- 5
+   3 56
+     56
+     5
[POLYGLOT_TEST_RUNNER] [4/12] Running test_mixed_line_length...
[POLYGLOT_TEST_RUNNER] test_mixed_line_length: FAILED - 'TAAA[18 chars]
lnnn
ogge
n e.
glr
ei 
snl
tei
 .n
le
i.
n
e
.' != 'TAAA[18 chars]
lnnn
ogge
n e.
glr
ei 
snl
tei
 .n
l e
i .
n
e
.'
  TAAA
  h   
  elll
   ooi
  lnnn
  ogge
  n e.
  glr
  ei 
  snl
  tei
   .n
- le
+ l e
?  +
- i.
+ i .
?  +
  n
  e
  .
[POLYGLOT_TEST_RUNNER] [5/12] Running test_rectangle...
[POLYGLOT_TEST_RUNNER] test_rectangle: PASSED
[POLYGLOT_TEST_RUNNER] [6/12] Running test_second_line_longer_than_first_line...
[POLYGLOT_TEST_RUNNER] test_second_line_longer_than_first_line: FAILED - 'TT
hh
ee
  
fs
ie
rc
so
tn
 d
l 
il
ni
en
.e
.' != 'TT
hh
ee
  
fs
ie
rc
so
tn
 d
l 
il
ni
en
.e
 .'
  TT
  hh
  ee
    
  fs
  ie
  rc
  so
  tn
   d
  l 
  il
  ni
  en
  .e
- .
+  .
? +
[POLYGLOT_TEST_RUNNER] [7/12] Running test_simple...
[POLYGLOT_TEST_RUNNER] test_simple: PASSED
[POLYGLOT_TEST_RUNNER] [8/12] Running test_single_line...
[POLYGLOT_TEST_RUNNER] test_single_line: PASSED
[POLYGLOT_TEST_RUNNER] [9/12] Running test_square...
[POLYGLOT_TEST_RUNNER] test_square: PASSED
[POLYGLOT_TEST_RUNNER] [10/12] Running test_triangle...
[POLYGLOT_TEST_RUNNER] test_triangle: FAILED - 'TEASER
EASER
ASER
SER
ER
R' != 'TEASER
 EASER
  ASER
   SER
    ER
     R'
  TEASER
- EASER
+  EASER
? +
- ASER
+   ASER
? ++
- SER
- ER
- R
+    SER
+     ER
+      R
[POLYGLOT_TEST_RUNNER] [11/12] Running test_two_characters_in_a_column...
[POLYGLOT_TEST_RUNNER] test_two_characters_in_a_column: PASSED
[POLYGLOT_TEST_RUNNER] [12/12] Running test_two_characters_in_a_row...
[POLYGLOT_TEST_RUNNER] test_two_characters_in_a_row: PASSED
[POLYGLOT_TEST_RUNNER] Test results:
[
  {
    "name": "test_empty_string",
    "category": "default",
    "status": "pass"
  },
  {
    "name": "test_first_line_longer_than_second_line",
    "category": "default",
    "status": "pass"
  },
  {
    "name": "test_jagged_triangle",
    "category": "default",
    "status": "fail"
  },
  {
    "name": "test_mixed_line_length",
    "category": "default",
    "status": "fail"
  },
  {
    "name": "test_rectangle",
    "category": "default",
    "status": "pass"
  },
  {
    "name": "test_second_line_longer_than_first_line",
    "category": "default",
    "status": "fail"
  },
  {
    "name": "test_simple",
    "category": "default",
    "status": "pass"
  },
  {
    "name": "test_single_line",
    "category": "default",
    "status": "pass"
  },
  {
    "name": "test_square",
    "category": "default",
    "status": "pass"
  },
  {
    "name": "test_triangle",
    "category": "default",
    "status": "fail"
  },
  {
    "name": "test_two_characters_in_a_column",
    "category": "default",
    "status": "pass"
  },
  {
    "name": "test_two_characters_in_a_row",
    "category": "default",
    "status": "pass"
  }
]
[POLYGLOT_TEST_RUNNER] Test summary: 8 passed, 4 failed, 0 skipped
[POLYGLOT_TEST_RUNNER] Writing output.json
[POLYGLOT_TEST_RUNNER] Wrote output.json
[POLYGLOT_TEST_RUNNER] Exiting main()