[POLYGLOT_TEST_RUNNER] Entered main()
[POLYGLOT_TEST_RUNNER] Loading tests.js
[POLYGLOT_TEST_RUNNER] [JEST] describe(): "Solve the alphametics puzzle"
[POLYGLOT_TEST_RUNNER] [JEST] Test: "puzzle with three letters"...
[POLYGLOT_TEST_RUNNER] [JEST] Test failed: "puzzle with three letters"
JestAssertionError: expect(received).toEqual(expected) // deep equality
Expected: {"B": 9, "I": 1, "L": 0}
Received: null
    at file:///sandbox/repo/tests.js:12:27
    at global.test (/sandbox/TEST_RUNNER.js:44:13)
    at file:///sandbox/repo/tests.js:5:3
    at global.describe (/sandbox/TEST_RUNNER.js:31:9)
    at file:///sandbox/repo/tests.js:4:1
    at ModuleJobSync.runSync (node:internal/modules/esm/module_job:514:37)
    at ModuleLoader.importSyncForRequire (node:internal/modules/esm/loader:425:47)
    at loadESMFromCJS (node:internal/modules/cjs/loader:1578:24)
    at Module._compile (node:internal/modules/cjs/loader:1743:5)
    at Object..js (node:internal/modules/cjs/loader:1893:10) {
  matcherResult: {
    actual: null,
    expected: { I: 1, B: 9, L: 0 },
    message: 'expect(received).toEqual(expected) // deep equality
' +
      '
' +
      'Expected: {"B": 9, "I": 1, "L": 0}
' +
      'Received: null',
    name: 'toEqual',
    pass: false
  }
}
[POLYGLOT_TEST_RUNNER] [JEST] xtest(): "solution must have unique value for each letter"
[POLYGLOT_TEST_RUNNER] [JEST] Test: "solution must have unique value for each letter"...
[POLYGLOT_TEST_RUNNER] [JEST] Test passed: "solution must have unique value for each letter"
[POLYGLOT_TEST_RUNNER] [JEST] xtest(): "leading zero solution is invalid"
[POLYGLOT_TEST_RUNNER] [JEST] Test: "leading zero solution is invalid"...
[POLYGLOT_TEST_RUNNER] [JEST] Test passed: "leading zero solution is invalid"
[POLYGLOT_TEST_RUNNER] [JEST] xtest(): "puzzle with four letters"
[POLYGLOT_TEST_RUNNER] [JEST] Test: "puzzle with four letters"...
[POLYGLOT_TEST_RUNNER] [JEST] Test failed: "puzzle with four letters"
JestAssertionError: expect(received).toEqual(expected) // deep equality
Expected: {"A": 9, "M": 1, "O": 0, "S": 2}
Received: null
    at file:///sandbox/repo/tests.js:33:27
    at global.test (/sandbox/TEST_RUNNER.js:44:13)
    at global.xtest (/sandbox/TEST_RUNNER.js:67:9)
    at file:///sandbox/repo/tests.js:25:3
    at global.describe (/sandbox/TEST_RUNNER.js:31:9)
    at file:///sandbox/repo/tests.js:4:1
    at ModuleJobSync.runSync (node:internal/modules/esm/module_job:514:37)
    at ModuleLoader.importSyncForRequire (node:internal/modules/esm/loader:425:47)
    at loadESMFromCJS (node:internal/modules/cjs/loader:1578:24)
    at Module._compile (node:internal/modules/cjs/loader:1743:5) {
  matcherResult: {
    actual: null,
    expected: { A: 9, S: 2, M: 1, O: 0 },
    message: 'expect(received).toEqual(expected) // deep equality
' +
      '
' +
      'Expected: {"A": 9, "M": 1, "O": 0, "S": 2}
' +
      'Received: null',
    name: 'toEqual',
    pass: false
  }
}
[POLYGLOT_TEST_RUNNER] [JEST] xtest(): "puzzle with six letters"
[POLYGLOT_TEST_RUNNER] [JEST] Test: "puzzle with six letters"...
[POLYGLOT_TEST_RUNNER] [JEST] Test failed: "puzzle with six letters"
JestAssertionError: expect(received).toEqual(expected) // deep equality
Expected: {"A": 0, "E": 2, "L": 1, "N": 7, "O": 4, "T": 9}
Received: null
    at file:///sandbox/repo/tests.js:46:27
    at global.test (/sandbox/TEST_RUNNER.js:44:13)
    at global.xtest (/sandbox/TEST_RUNNER.js:67:9)
    at file:///sandbox/repo/tests.js:36:3
    at global.describe (/sandbox/TEST_RUNNER.js:31:9)
    at file:///sandbox/repo/tests.js:4:1
    at ModuleJobSync.runSync (node:internal/modules/esm/module_job:514:37)
    at ModuleLoader.importSyncForRequire (node:internal/modules/esm/loader:425:47)
    at loadESMFromCJS (node:internal/modules/cjs/loader:1578:24)
    at Module._compile (node:internal/modules/cjs/loader:1743:5) {
  matcherResult: {
    actual: null,
    expected: { N: 7, O: 4, T: 9, L: 1, A: 0, E: 2 },
    message: 'expect(received).toEqual(expected) // deep equality
' +
      '
' +
      'Expected: {"A": 0, "E": 2, "L": 1, "N": 7, "O": 4, "T": 9}
' +
      'Received: null',
    name: 'toEqual',
    pass: false
  }
}
[POLYGLOT_TEST_RUNNER] [JEST] xtest(): "puzzle with seven letters"
[POLYGLOT_TEST_RUNNER] [JEST] Test: "puzzle with seven letters"...
[POLYGLOT_TEST_RUNNER] [JEST] Test failed: "puzzle with seven letters"
JestAssertionError: expect(received).toEqual(expected) // deep equality
Expected: {"E": 4, "G": 2, "H": 5, "I": 0, "L": 1, "S": 9, "T": 7}
Received: null
    at file:///sandbox/repo/tests.js:60:27
    at global.test (/sandbox/TEST_RUNNER.js:44:13)
    at global.xtest (/sandbox/TEST_RUNNER.js:67:9)
    at file:///sandbox/repo/tests.js:49:3
    at global.describe (/sandbox/TEST_RUNNER.js:31:9)
    at file:///sandbox/repo/tests.js:4:1
    at ModuleJobSync.runSync (node:internal/modules/esm/module_job:514:37)
    at ModuleLoader.importSyncForRequire (node:internal/modules/esm/loader:425:47)
    at loadESMFromCJS (node:internal/modules/cjs/loader:1578:24)
    at Module._compile (node:internal/modules/cjs/loader:1743:5) {
  matcherResult: {
    actual: null,
    expected: { E: 4, G: 2, H: 5, I: 0, L: 1, S: 9, T: 7 },
    message: 'expect(received).toEqual(expected) // deep equality
' +
      '
' +
      'Expected: {"E": 4, "G": 2, "H": 5, "I": 0, "L": 1, "S": 9, "T": 7}
' +
      'Received: null',
    name: 'toEqual',
    pass: false
  }
}
[POLYGLOT_TEST_RUNNER] [JEST] xtest(): "puzzle with eight letters"
[POLYGLOT_TEST_RUNNER] [JEST] Test: "puzzle with eight letters"...
[POLYGLOT_TEST_RUNNER] [JEST] Test failed: "puzzle with eight letters"
JestAssertionError: expect(received).toEqual(expected) // deep equality
Expected: {"D": 7, "E": 5, "M": 1, "N": 6, "O": 0, "R": 8, "S": 9, "Y": 2}
Received: null
    at file:///sandbox/repo/tests.js:75:27
    at global.test (/sandbox/TEST_RUNNER.js:44:13)
    at global.xtest (/sandbox/TEST_RUNNER.js:67:9)
    at file:///sandbox/repo/tests.js:63:3
    at global.describe (/sandbox/TEST_RUNNER.js:31:9)
    at file:///sandbox/repo/tests.js:4:1
    at ModuleJobSync.runSync (node:internal/modules/esm/module_job:514:37)
    at ModuleLoader.importSyncForRequire (node:internal/modules/esm/loader:425:47)
    at loadESMFromCJS (node:internal/modules/cjs/loader:1578:24)
    at Module._compile (node:internal/modules/cjs/loader:1743:5) {
  matcherResult: {
    actual: null,
    expected: { S: 9, E: 5, N: 6, D: 7, M: 1, O: 0, R: 8, Y: 2 },
    message: 'expect(received).toEqual(expected) // deep equality
' +
      '
' +
      'Expected: {"D": 7, "E": 5, "M": 1, "N": 6, "O": 0, "R": 8, "S": 9, "Y": 2}
' +
      'Received: null',
    name: 'toEqual',
    pass: false
  }
}
[POLYGLOT_TEST_RUNNER] [JEST] xtest(): "puzzle with ten letters"
[POLYGLOT_TEST_RUNNER] [JEST] Test: "puzzle with ten letters"...
[POLYGLOT_TEST_RUNNER] [JEST] Test failed: "puzzle with ten letters"
JestAssertionError: expect(received).toEqual(expected) // deep equality
Expected: {"A": 5, "D": 3, "E": 4, "F": 7, "G": 8, "N": 0, "O": 2, "R": 1, "S": 6, "T": 9}
Received: null
    at file:///sandbox/repo/tests.js:92:27
    at global.test (/sandbox/TEST_RUNNER.js:44:13)
    at global.xtest (/sandbox/TEST_RUNNER.js:67:9)
    at file:///sandbox/repo/tests.js:78:3
    at global.describe (/sandbox/TEST_RUNNER.js:31:9)
    at file:///sandbox/repo/tests.js:4:1
    at ModuleJobSync.runSync (node:internal/modules/esm/module_job:514:37)
    at ModuleLoader.importSyncForRequire (node:internal/modules/esm/loader:425:47)
    at loadESMFromCJS (node:internal/modules/cjs/loader:1578:24)
    at Module._compile (node:internal/modules/cjs/loader:1743:5) {
  matcherResult: {
    actual: null,
    expected: { A: 5, D: 3, E: 4, F: 7, G: 8, N: 0, O: 2, R: 1, S: 6, T: 9 },
    message: 'expect(received).toEqual(expected) // deep equality
' +
      '
' +
      'Expected: {"A": 5, "D": 3, "E": 4, "F": 7, "G": 8, "N": 0, "O": 2, "R": 1, "S": 6, "T": 9}
' +
      'Received: null',
    name: 'toEqual',
    pass: false
  }
}
[POLYGLOT_TEST_RUNNER] [JEST] xtest(): "puzzle with ten letters and 199 addends"
[POLYGLOT_TEST_RUNNER] [JEST] Test: "puzzle with ten letters and 199 addends"...
[POLYGLOT_TEST_RUNNER] [JEST] Test failed: "puzzle with ten letters and 199 addends"
JestAssertionError: expect(received).toEqual(expected) // deep equality
Expected: {"A": 1, "E": 0, "F": 5, "H": 8, "I": 7, "L": 2, "O": 6, "R": 3, "S": 4, "T": 9}
Received: null
    at file:///sandbox/repo/tests.js:110:27
    at global.test (/sandbox/TEST_RUNNER.js:44:13)
    at global.xtest (/sandbox/TEST_RUNNER.js:67:9)
    at file:///sandbox/repo/tests.js:95:3
    at global.describe (/sandbox/TEST_RUNNER.js:31:9)
    at file:///sandbox/repo/tests.js:4:1
    at ModuleJobSync.runSync (node:internal/modules/esm/module_job:514:37)
    at ModuleLoader.importSyncForRequire (node:internal/modules/esm/loader:425:47)
    at loadESMFromCJS (node:internal/modules/cjs/loader:1578:24)
    at Module._compile (node:internal/modules/cjs/loader:1743:5) {
  matcherResult: {
    actual: null,
    expected: { A: 1, E: 0, F: 5, H: 8, I: 7, L: 2, O: 6, R: 3, S: 4, T: 9 },
    message: 'expect(received).toEqual(expected) // deep equality
' +
      '
' +
      'Expected: {"A": 1, "E": 0, "F": 5, "H": 8, "I": 7, "L": 2, "O": 6, "R": 3, "S": 4, "T": 9}
' +
      'Received: null',
    name: 'toEqual',
    pass: false
  }
}
[POLYGLOT_TEST_RUNNER] Loaded tests.js
[POLYGLOT_TEST_RUNNER] Test results:
[
  {
    "name": "puzzle with three letters",
    "category": "default",
    "status": "fail"
  },
  {
    "name": "solution must have unique value for each letter",
    "category": "default",
    "status": "pass"
  },
  {
    "name": "leading zero solution is invalid",
    "category": "default",
    "status": "pass"
  },
  {
    "name": "puzzle with four letters",
    "category": "default",
    "status": "fail"
  },
  {
    "name": "puzzle with six letters",
    "category": "default",
    "status": "fail"
  },
  {
    "name": "puzzle with seven letters",
    "category": "default",
    "status": "fail"
  },
  {
    "name": "puzzle with eight letters",
    "category": "default",
    "status": "fail"
  },
  {
    "name": "puzzle with ten letters",
    "category": "default",
    "status": "fail"
  },
  {
    "name": "puzzle with ten letters and 199 addends",
    "category": "default",
    "status": "fail"
  }
]
[POLYGLOT_TEST_RUNNER] Test summary: 2 passed, 7 failed, 0 skipped
[POLYGLOT_TEST_RUNNER] Writing output.json
[POLYGLOT_TEST_RUNNER] Wrote output.json
[POLYGLOT_TEST_RUNNER] Exiting main()